[ 2014-01-04T10:21:43+08:00 ] 127.0.0.1 /
INFO: [ app_init ] --START--
INFO: [ app_init ] --END-- [ RunTime:0.001199s ]
INFO: [ app_begin ] --START--
INFO: Run Behavior\ReadHtmlCache [ RunTime:0.000163s ]
INFO: [ app_begin ] --END-- [ RunTime:0.000388s ]
INFO: [ action_begin ] --START--
INFO: [ action_begin ] --END-- [ RunTime:0.000299s ]
INFO: [ view_begin ] --START--
INFO: [ view_begin ] --END-- [ RunTime:0.000173s ]
INFO: [ view_parse ] --START--
INFO: [ template_filter ] --START--
INFO: Run Behavior\ContentReplace [ RunTime:0.000271s ]
INFO: [ template_filter ] --END-- [ RunTime:0.000527s ]
INFO: Run Behavior\ParseTemplate [ RunTime:0.121829s ]
INFO: [ view_parse ] --END-- [ RunTime:0.122168s ]
INFO: [ view_filter ] --START--
INFO: Run Behavior\WriteHtmlCache [ RunTime:0.000059s ]
INFO: [ view_filter ] --END-- [ RunTime:0.000264s ]
INFO: [ view_end ] --START--
INFO: [ view_end ] --END-- [ RunTime:0.000114s ]
INFO: [ app_end ] --START--
INFO: Run Behavior\ShowPageTrace [ RunTime:0.000154s ]
INFO: [ app_end ] --END-- [ RunTime:0.000353s ]

[ 2014-01-04T10:21:49+08:00 ] 127.0.0.1 /index.php/Admin/Manager
INFO: [ app_init ] --START--
INFO: [ app_init ] --END-- [ RunTime:0.000630s ]
INFO: [ path_info ] --START--
INFO: [ path_info ] --END-- [ RunTime:0.000082s ]
INFO: [ app_begin ] --START--
INFO: Run Behavior\ReadHtmlCache [ RunTime:0.000163s ]
INFO: [ app_begin ] --END-- [ RunTime:0.000322s ]
INFO: [ action_begin ] --START--
INFO: [ action_begin ] --END-- [ RunTime:0.000113s ]
INFO: [ view_begin ] --START--
INFO: [ view_begin ] --END-- [ RunTime:0.000137s ]
INFO: [ view_parse ] --START--
INFO: [ template_filter ] --START--
INFO: Run Behavior\ContentReplace [ RunTime:0.000278s ]
INFO: [ template_filter ] --END-- [ RunTime:0.000545s ]
NOTIC: [8] Undefined variable: list D:\wamp\wamp\www\LongCms\LongCms-V1.0\Application\Runtime\Cache\Admin\71667e699eae66b4954cb62aa6e05a39.php 第 165 行.
NOTIC: [2] Invalid argument supplied for foreach() D:\wamp\wamp\www\LongCms\LongCms-V1.0\Application\Runtime\Cache\Admin\71667e699eae66b4954cb62aa6e05a39.php 第 165 行.
NOTIC: [8] Undefined variable: name D:\wamp\wamp\www\LongCms\LongCms-V1.0\Application\Runtime\Cache\Admin\71667e699eae66b4954cb62aa6e05a39.php 第 179 行.
INFO: Run Behavior\ParseTemplate [ RunTime:0.021625s ]
INFO: [ view_parse ] --END-- [ RunTime:0.021834s ]
INFO: [ view_filter ] --START--
INFO: Run Behavior\WriteHtmlCache [ RunTime:0.000046s ]
INFO: [ view_filter ] --END-- [ RunTime:0.000207s ]
INFO: [ view_end ] --START--
INFO: [ view_end ] --END-- [ RunTime:0.000075s ]
INFO: [ app_end ] --START--
INFO: Run Behavior\ShowPageTrace [ RunTime:0.000119s ]
INFO: [ app_end ] --END-- [ RunTime:0.000330s ]

[ 2014-01-04T10:23:20+08:00 ] 127.0.0.1 /index.php/Admin/Manager
INFO: [ app_init ] --START--
INFO: [ app_init ] --END-- [ RunTime:0.001438s ]
INFO: [ path_info ] --START--
INFO: [ path_info ] --END-- [ RunTime:0.000093s ]
INFO: [ app_begin ] --START--
INFO: Run Behavior\ReadHtmlCache [ RunTime:0.000166s ]
INFO: [ app_begin ] --END-- [ RunTime:0.000373s ]
INFO: [ action_begin ] --START--
INFO: [ action_begin ] --END-- [ RunTime:0.000097s ]
INFO: [ view_begin ] --START--
INFO: [ view_begin ] --END-- [ RunTime:0.000078s ]
INFO: [ view_parse ] --START--
INFO: [ template_filter ] --START--
INFO: Run Behavior\ContentReplace [ RunTime:0.000199s ]
INFO: [ template_filter ] --END-- [ RunTime:0.000398s ]
NOTIC: [8] Undefined variable: list D:\wamp\wamp\www\LongCms\LongCms-V1.0\Application\Runtime\Cache\Admin\71667e699eae66b4954cb62aa6e05a39.php 第 165 行.
NOTIC: [2] Invalid argument supplied for foreach() D:\wamp\wamp\www\LongCms\LongCms-V1.0\Application\Runtime\Cache\Admin\71667e699eae66b4954cb62aa6e05a39.php 第 165 行.
INFO: Run Behavior\ParseTemplate [ RunTime:0.039107s ]
INFO: [ view_parse ] --END-- [ RunTime:0.039448s ]
INFO: [ view_filter ] --START--
INFO: Run Behavior\WriteHtmlCache [ RunTime:0.000052s ]
INFO: [ view_filter ] --END-- [ RunTime:0.000218s ]
INFO: [ view_end ] --START--
INFO: [ view_end ] --END-- [ RunTime:0.000073s ]
INFO: [ app_end ] --START--
INFO: Run Behavior\ShowPageTrace [ RunTime:0.000128s ]
INFO: [ app_end ] --END-- [ RunTime:0.000286s ]

[ 2014-01-04T10:24:18+08:00 ] 127.0.0.1 /index.php/Admin/Manager
INFO: [ app_init ] --START--
INFO: [ app_init ] --END-- [ RunTime:0.001998s ]
INFO: [ path_info ] --START--
INFO: [ path_info ] --END-- [ RunTime:0.000108s ]
INFO: [ app_begin ] --START--
INFO: Run Behavior\ReadHtmlCache [ RunTime:0.000142s ]
INFO: [ app_begin ] --END-- [ RunTime:0.000311s ]
INFO: [ action_begin ] --START--
INFO: [ action_begin ] --END-- [ RunTime:0.000101s ]
INFO: [ view_begin ] --START--
INFO: [ view_begin ] --END-- [ RunTime:0.000081s ]
INFO: [ view_parse ] --START--
INFO: [ template_filter ] --START--
INFO: Run Behavior\ContentReplace [ RunTime:0.000202s ]
INFO: [ template_filter ] --END-- [ RunTime:0.000405s ]
NOTIC: [8] Undefined variable: list D:\wamp\wamp\www\LongCms\LongCms-V1.0\Application\Runtime\Cache\Admin\71667e699eae66b4954cb62aa6e05a39.php 第 165 行.
NOTIC: [2] Invalid argument supplied for foreach() D:\wamp\wamp\www\LongCms\LongCms-V1.0\Application\Runtime\Cache\Admin\71667e699eae66b4954cb62aa6e05a39.php 第 165 行.
INFO: Run Behavior\ParseTemplate [ RunTime:0.028332s ]
INFO: [ view_parse ] --END-- [ RunTime:0.028612s ]
INFO: [ view_filter ] --START--
INFO: Run Behavior\WriteHtmlCache [ RunTime:0.000043s ]
INFO: [ view_filter ] --END-- [ RunTime:0.000200s ]
INFO: [ view_end ] --START--
INFO: [ view_end ] --END-- [ RunTime:0.000071s ]
INFO: [ app_end ] --START--
INFO: Run Behavior\ShowPageTrace [ RunTime:0.000119s ]
INFO: [ app_end ] --END-- [ RunTime:0.000273s ]

[ 2014-01-04T10:30:34+08:00 ] 127.0.0.1 /index.php/Admin/Manager
INFO: [ app_init ] --START--
INFO: [ app_init ] --END-- [ RunTime:0.000930s ]
INFO: [ path_info ] --START--
INFO: [ path_info ] --END-- [ RunTime:0.000107s ]
INFO: [ app_begin ] --START--
INFO: Run Behavior\ReadHtmlCache [ RunTime:0.000559s ]
INFO: [ app_begin ] --END-- [ RunTime:0.000851s ]
INFO: [ action_begin ] --START--
INFO: [ action_begin ] --END-- [ RunTime:0.000097s ]
INFO: [ view_begin ] --START--
INFO: [ view_begin ] --END-- [ RunTime:0.000073s ]
INFO: [ view_parse ] --START--
INFO: [ template_filter ] --START--
INFO: Run Behavior\ContentReplace [ RunTime:0.000279s ]
INFO: [ template_filter ] --END-- [ RunTime:0.000476s ]
NOTIC: [8] Undefined variable: list D:\wamp\wamp\www\LongCms\LongCms-V1.0\Application\Runtime\Cache\Admin\71667e699eae66b4954cb62aa6e05a39.php 第 165 行.
NOTIC: [2] Invalid argument supplied for foreach() D:\wamp\wamp\www\LongCms\LongCms-V1.0\Application\Runtime\Cache\Admin\71667e699eae66b4954cb62aa6e05a39.php 第 165 行.
INFO: Run Behavior\ParseTemplate [ RunTime:0.035000s ]
INFO: [ view_parse ] --END-- [ RunTime:0.035185s ]
INFO: [ view_filter ] --START--
INFO: Run Behavior\WriteHtmlCache [ RunTime:0.000043s ]
INFO: [ view_filter ] --END-- [ RunTime:0.000198s ]
INFO: [ view_end ] --START--
INFO: [ view_end ] --END-- [ RunTime:0.000071s ]
INFO: [ app_end ] --START--
INFO: Run Behavior\ShowPageTrace [ RunTime:0.000121s ]
INFO: [ app_end ] --END-- [ RunTime:0.000282s ]

[ 2014-01-04T10:37:28+08:00 ] 127.0.0.1 /index.php/Admin/Manager
INFO: [ app_init ] --START--
INFO: [ app_init ] --END-- [ RunTime:0.001163s ]
INFO: [ path_info ] --START--
INFO: [ path_info ] --END-- [ RunTime:0.000086s ]
INFO: [ app_begin ] --START--
INFO: Run Behavior\ReadHtmlCache [ RunTime:0.000142s ]
INFO: [ app_begin ] --END-- [ RunTime:0.000304s ]
INFO: [ action_begin ] --START--
INFO: [ action_begin ] --END-- [ RunTime:0.000112s ]
INFO: [ view_begin ] --START--
INFO: [ view_begin ] --END-- [ RunTime:0.000075s ]
INFO: [ view_parse ] --START--
INFO: [ template_filter ] --START--
INFO: Run Behavior\ContentReplace [ RunTime:0.000287s ]
INFO: [ template_filter ] --END-- [ RunTime:0.000480s ]
NOTIC: [8] Undefined variable: list D:\wamp\wamp\www\LongCms\LongCms-V1.0\Application\Runtime\Cache\Admin\71667e699eae66b4954cb62aa6e05a39.php 第 165 行.
NOTIC: [2] Invalid argument supplied for foreach() D:\wamp\wamp\www\LongCms\LongCms-V1.0\Application\Runtime\Cache\Admin\71667e699eae66b4954cb62aa6e05a39.php 第 165 行.
INFO: Run Behavior\ParseTemplate [ RunTime:0.058780s ]
INFO: [ view_parse ] --END-- [ RunTime:0.058993s ]
INFO: [ view_filter ] --START--
INFO: Run Behavior\WriteHtmlCache [ RunTime:0.000049s ]
INFO: [ view_filter ] --END-- [ RunTime:0.000211s ]
INFO: [ view_end ] --START--
INFO: [ view_end ] --END-- [ RunTime:0.000073s ]
INFO: [ app_end ] --START--
INFO: Run Behavior\ShowPageTrace [ RunTime:0.000128s ]
INFO: [ app_end ] --END-- [ RunTime:0.000285s ]

[ 2014-01-04T10:42:28+08:00 ] 127.0.0.1 /index.php/Admin/Manager
INFO: [ app_init ] --START--
INFO: [ app_init ] --END-- [ RunTime:0.000908s ]
INFO: [ path_info ] --START--
INFO: [ path_info ] --END-- [ RunTime:0.000115s ]
INFO: [ app_begin ] --START--
INFO: Run Behavior\ReadHtmlCache [ RunTime:0.000183s ]
INFO: [ app_begin ] --END-- [ RunTime:0.000479s ]
INFO: [ action_begin ] --START--
INFO: [ action_begin ] --END-- [ RunTime:0.000134s ]
INFO: [ view_begin ] --START--
INFO: [ view_begin ] --END-- [ RunTime:0.000092s ]
INFO: [ view_parse ] --START--
INFO: [ template_filter ] --START--
INFO: Run Behavior\ContentReplace [ RunTime:0.000690s ]
INFO: [ template_filter ] --END-- [ RunTime:0.001115s ]
NOTIC: [8] Undefined variable: list D:\wamp\wamp\www\LongCms\LongCms-V1.0\Application\Runtime\Cache\Admin\71667e699eae66b4954cb62aa6e05a39.php 第 165 行.
NOTIC: [2] Invalid argument supplied for foreach() D:\wamp\wamp\www\LongCms\LongCms-V1.0\Application\Runtime\Cache\Admin\71667e699eae66b4954cb62aa6e05a39.php 第 165 行.
INFO: Run Behavior\ParseTemplate [ RunTime:0.055184s ]
INFO: [ view_parse ] --END-- [ RunTime:0.055444s ]
INFO: [ view_filter ] --START--
INFO: Run Behavior\WriteHtmlCache [ RunTime:0.000124s ]
INFO: [ view_filter ] --END-- [ RunTime:0.000300s ]
INFO: [ view_end ] --START--
INFO: [ view_end ] --END-- [ RunTime:0.000075s ]
INFO: [ app_end ] --START--
INFO: Run Behavior\ShowPageTrace [ RunTime:0.000128s ]
INFO: [ app_end ] --END-- [ RunTime:0.000286s ]

[ 2014-01-04T10:52:21+08:00 ] 127.0.0.1 /index.php/Admin/Manager
INFO: [ app_init ] --START--
INFO: [ app_init ] --END-- [ RunTime:0.000665s ]
INFO: [ path_info ] --START--
INFO: [ path_info ] --END-- [ RunTime:0.000114s ]
INFO: [ app_begin ] --START--
INFO: Run Behavior\ReadHtmlCache [ RunTime:0.000143s ]
INFO: [ app_begin ] --END-- [ RunTime:0.000324s ]
INFO: [ action_begin ] --START--
INFO: [ action_begin ] --END-- [ RunTime:0.000097s ]
INFO: [ view_begin ] --START--
INFO: [ view_begin ] --END-- [ RunTime:0.000074s ]
INFO: [ view_parse ] --START--
INFO: [ template_filter ] --START--
INFO: Run Behavior\ContentReplace [ RunTime:0.000488s ]
INFO: [ template_filter ] --END-- [ RunTime:0.000703s ]
NOTIC: [8] Undefined variable: list D:\wamp\wamp\www\LongCms\LongCms-V1.0\Application\Runtime\Cache\Admin\71667e699eae66b4954cb62aa6e05a39.php 第 165 行.
NOTIC: [2] Invalid argument supplied for foreach() D:\wamp\wamp\www\LongCms\LongCms-V1.0\Application\Runtime\Cache\Admin\71667e699eae66b4954cb62aa6e05a39.php 第 165 行.
INFO: Run Behavior\ParseTemplate [ RunTime:0.030374s ]
INFO: [ view_parse ] --END-- [ RunTime:0.030568s ]
INFO: [ view_filter ] --START--
INFO: Run Behavior\WriteHtmlCache [ RunTime:0.000044s ]
INFO: [ view_filter ] --END-- [ RunTime:0.000201s ]
INFO: [ view_end ] --START--
INFO: [ view_end ] --END-- [ RunTime:0.000071s ]
INFO: [ app_end ] --START--
INFO: Run Behavior\ShowPageTrace [ RunTime:0.000121s ]
INFO: [ app_end ] --END-- [ RunTime:0.000275s ]

[ 2014-01-04T10:54:01+08:00 ] 127.0.0.1 /index.php/Admin/Manager
INFO: [ app_init ] --START--
INFO: [ app_init ] --END-- [ RunTime:0.000727s ]
INFO: [ path_info ] --START--
INFO: [ path_info ] --END-- [ RunTime:0.000080s ]
INFO: [ app_begin ] --START--
INFO: Run Behavior\ReadHtmlCache [ RunTime:0.000148s ]
INFO: [ app_begin ] --END-- [ RunTime:0.000330s ]
INFO: [ action_begin ] --START--
INFO: [ action_begin ] --END-- [ RunTime:0.000108s ]
INFO: [ view_begin ] --START--
INFO: [ view_begin ] --END-- [ RunTime:0.000129s ]
INFO: [ view_parse ] --START--
INFO: [ template_filter ] --START--
INFO: Run Behavior\ContentReplace [ RunTime:0.000283s ]
INFO: [ template_filter ] --END-- [ RunTime:0.000477s ]
NOTIC: [8] Undefined variable: list D:\wamp\wamp\www\LongCms\LongCms-V1.0\Application\Runtime\Cache\Admin\71667e699eae66b4954cb62aa6e05a39.php 第 165 行.
NOTIC: [2] Invalid argument supplied for foreach() D:\wamp\wamp\www\LongCms\LongCms-V1.0\Application\Runtime\Cache\Admin\71667e699eae66b4954cb62aa6e05a39.php 第 165 行.
INFO: Run Behavior\ParseTemplate [ RunTime:0.036556s ]
INFO: [ view_parse ] --END-- [ RunTime:0.036803s ]
INFO: [ view_filter ] --START--
INFO: Run Behavior\WriteHtmlCache [ RunTime:0.000045s ]
INFO: [ view_filter ] --END-- [ RunTime:0.000219s ]
INFO: [ view_end ] --START--
INFO: [ view_end ] --END-- [ RunTime:0.000072s ]
INFO: [ app_end ] --START--
INFO: Run Behavior\ShowPageTrace [ RunTime:0.000121s ]
INFO: [ app_end ] --END-- [ RunTime:0.000275s ]

[ 2014-01-04T10:55:31+08:00 ] 127.0.0.1 /index.php/Admin/Manager
INFO: [ app_init ] --START--
INFO: [ app_init ] --END-- [ RunTime:0.001227s ]
INFO: [ path_info ] --START--
INFO: [ path_info ] --END-- [ RunTime:0.000082s ]
INFO: [ app_begin ] --START--
INFO: Run Behavior\ReadHtmlCache [ RunTime:0.000141s ]
INFO: [ app_begin ] --END-- [ RunTime:0.000314s ]
INFO: [ action_begin ] --START--
INFO: [ action_begin ] --END-- [ RunTime:0.000088s ]
INFO: [ view_begin ] --START--
INFO: [ view_begin ] --END-- [ RunTime:0.000074s ]
INFO: [ view_parse ] --START--
INFO: [ template_filter ] --START--
INFO: Run Behavior\ContentReplace [ RunTime:0.000317s ]
INFO: [ template_filter ] --END-- [ RunTime:0.000512s ]
NOTIC: [8] Undefined variable: list D:\wamp\wamp\www\LongCms\LongCms-V1.0\Application\Runtime\Cache\Admin\71667e699eae66b4954cb62aa6e05a39.php 第 165 行.
NOTIC: [2] Invalid argument supplied for foreach() D:\wamp\wamp\www\LongCms\LongCms-V1.0\Application\Runtime\Cache\Admin\71667e699eae66b4954cb62aa6e05a39.php 第 165 行.
INFO: Run Behavior\ParseTemplate [ RunTime:0.028314s ]
INFO: [ view_parse ] --END-- [ RunTime:0.028504s ]
INFO: [ view_filter ] --START--
INFO: Run Behavior\WriteHtmlCache [ RunTime:0.000044s ]
INFO: [ view_filter ] --END-- [ RunTime:0.000199s ]
INFO: [ view_end ] --START--
INFO: [ view_end ] --END-- [ RunTime:0.000095s ]
INFO: [ app_end ] --START--
INFO: Run Behavior\ShowPageTrace [ RunTime:0.000160s ]
INFO: [ app_end ] --END-- [ RunTime:0.000320s ]

[ 2014-01-04T10:56:10+08:00 ] 127.0.0.1 /index.php/Admin/Manager
INFO: [ app_init ] --START--
INFO: [ app_init ] --END-- [ RunTime:0.000738s ]
INFO: [ path_info ] --START--
INFO: [ path_info ] --END-- [ RunTime:0.000115s ]
INFO: [ app_begin ] --START--
INFO: Run Behavior\ReadHtmlCache [ RunTime:0.000143s ]
INFO: [ app_begin ] --END-- [ RunTime:0.000440s ]
INFO: [ action_begin ] --START--
INFO: [ action_begin ] --END-- [ RunTime:0.000115s ]
INFO: [ view_begin ] --START--
INFO: [ view_begin ] --END-- [ RunTime:0.000073s ]
INFO: [ view_parse ] --START--
INFO: [ template_filter ] --START--
INFO: Run Behavior\ContentReplace [ RunTime:0.000272s ]
INFO: [ template_filter ] --END-- [ RunTime:0.000461s ]
NOTIC: [8] Undefined variable: list D:\wamp\wamp\www\LongCms\LongCms-V1.0\Application\Runtime\Cache\Admin\71667e699eae66b4954cb62aa6e05a39.php 第 165 行.
NOTIC: [2] Invalid argument supplied for foreach() D:\wamp\wamp\www\LongCms\LongCms-V1.0\Application\Runtime\Cache\Admin\71667e699eae66b4954cb62aa6e05a39.php 第 165 行.
INFO: Run Behavior\ParseTemplate [ RunTime:0.027648s ]
INFO: [ view_parse ] --END-- [ RunTime:0.027853s ]
INFO: [ view_filter ] --START--
INFO: Run Behavior\WriteHtmlCache [ RunTime:0.000049s ]
INFO: [ view_filter ] --END-- [ RunTime:0.000208s ]
INFO: [ view_end ] --START--
INFO: [ view_end ] --END-- [ RunTime:0.000074s ]
INFO: [ app_end ] --START--
INFO: Run Behavior\ShowPageTrace [ RunTime:0.000127s ]
INFO: [ app_end ] --END-- [ RunTime:0.000286s ]

[ 2014-01-04T10:56:10+08:00 ] 127.0.0.1 /index.php/Public/js/jquery.min.js
INFO: [ app_init ] --START--
INFO: [ app_init ] --END-- [ RunTime:0.001041s ]
INFO: [ path_info ] --START--
INFO: [ path_info ] --END-- [ RunTime:0.000117s ]
INFO: [ app_begin ] --START--
INFO: Run Behavior\ReadHtmlCache [ RunTime:0.000149s ]
INFO: [ app_begin ] --END-- [ RunTime:0.000363s ]
INFO: [ action_begin ] --START--
INFO: [ action_begin ] --END-- [ RunTime:0.000113s ]
ERR: 非法操作:js

[ 2014-01-04T10:56:10+08:00 ] 127.0.0.1 /index.php/Public/js/bootstrap.min.js
INFO: [ app_init ] --START--
INFO: [ app_init ] --END-- [ RunTime:0.001221s ]
INFO: [ path_info ] --START--
INFO: [ path_info ] --END-- [ RunTime:0.000094s ]
INFO: [ app_begin ] --START--
INFO: Run Behavior\ReadHtmlCache [ RunTime:0.000146s ]
INFO: [ app_begin ] --END-- [ RunTime:0.000326s ]
INFO: [ action_begin ] --START--
INFO: [ action_begin ] --END-- [ RunTime:0.000129s ]
ERR: 非法操作:js

[ 2014-01-04T10:56:10+08:00 ] 127.0.0.1 /index.php/Public/js/jquery.uniform.js
INFO: [ app_init ] --START--
INFO: [ app_init ] --END-- [ RunTime:0.000783s ]
INFO: [ path_info ] --START--
INFO: [ path_info ] --END-- [ RunTime:0.000107s ]
INFO: [ app_begin ] --START--
INFO: Run Behavior\ReadHtmlCache [ RunTime:0.000168s ]
INFO: [ app_begin ] --END-- [ RunTime:0.000371s ]
INFO: [ action_begin ] --START--
INFO: [ action_begin ] --END-- [ RunTime:0.000131s ]
ERR: 非法操作:js

[ 2014-01-04T10:56:10+08:00 ] 127.0.0.1 /index.php/Public/js/jquery.ui.custom.js
INFO: [ app_init ] --START--
INFO: [ app_init ] --END-- [ RunTime:0.002364s ]
INFO: [ path_info ] --START--
INFO: [ path_info ] --END-- [ RunTime:0.000109s ]
INFO: [ app_begin ] --START--
INFO: Run Behavior\ReadHtmlCache [ RunTime:0.000157s ]
INFO: [ app_begin ] --END-- [ RunTime:0.000361s ]
INFO: [ action_begin ] --START--
INFO: [ action_begin ] --END-- [ RunTime:0.000147s ]
ERR: 非法操作:js

[ 2014-01-04T10:56:10+08:00 ] 127.0.0.1 /index.php/Public/js/jquery.dataTables.min.js
INFO: [ app_init ] --START--
INFO: [ app_init ] --END-- [ RunTime:0.007733s ]
INFO: [ path_info ] --START--
INFO: [ path_info ] --END-- [ RunTime:0.000088s ]
INFO: [ app_begin ] --START--
INFO: Run Behavior\ReadHtmlCache [ RunTime:0.000147s ]
INFO: [ app_begin ] --END-- [ RunTime:0.000317s ]
INFO: [ action_begin ] --START--
INFO: [ action_begin ] --END-- [ RunTime:0.000099s ]
ERR: 非法操作:js

[ 2014-01-04T10:56:10+08:00 ] 127.0.0.1 /index.php/Public/js/select2.min.js
INFO: [ app_init ] --START--
INFO: [ app_init ] --END-- [ RunTime:0.001800s ]
INFO: [ path_info ] --START--
INFO: [ path_info ] --END-- [ RunTime:0.000099s ]
INFO: [ app_begin ] --START--
INFO: Run Behavior\ReadHtmlCache [ RunTime:0.000167s ]
INFO: [ app_begin ] --END-- [ RunTime:0.000349s ]
INFO: [ action_begin ] --START--
INFO: [ action_begin ] --END-- [ RunTime:0.000136s ]
ERR: 非法操作:js

[ 2014-01-04T10:56:10+08:00 ] 127.0.0.1 /index.php/Public/js/matrix.js
INFO: [ app_init ] --START--
INFO: [ app_init ] --END-- [ RunTime:0.003336s ]
INFO: [ path_info ] --START--
INFO: [ path_info ] --END-- [ RunTime:0.000286s ]
INFO: [ app_begin ] --START--
INFO: Run Behavior\ReadHtmlCache [ RunTime:0.000181s ]
INFO: [ app_begin ] --END-- [ RunTime:0.000691s ]
INFO: [ action_begin ] --START--
INFO: [ action_begin ] --END-- [ RunTime:0.000139s ]
ERR: 非法操作:js

[ 2014-01-04T10:56:11+08:00 ] 127.0.0.1 /index.php/Public/js/matrix.tables.js
INFO: [ app_init ] --START--
INFO: [ app_init ] --END-- [ RunTime:0.000986s ]
INFO: [ path_info ] --START--
INFO: [ path_info ] --END-- [ RunTime:0.000142s ]
INFO: [ app_begin ] --START--
INFO: Run Behavior\ReadHtmlCache [ RunTime:0.000174s ]
INFO: [ app_begin ] --END-- [ RunTime:0.000419s ]
INFO: [ action_begin ] --START--
INFO: [ action_begin ] --END-- [ RunTime:0.000160s ]
ERR: 非法操作:js

[ 2014-01-04T10:56:13+08:00 ] 127.0.0.1 /index.php/Admin/Manager
INFO: [ app_init ] --START--
INFO: [ app_init ] --END-- [ RunTime:0.000611s ]
INFO: [ path_info ] --START--
INFO: [ path_info ] --END-- [ RunTime:0.000088s ]
INFO: [ app_begin ] --START--
INFO: Run Behavior\ReadHtmlCache [ RunTime:0.000163s ]
INFO: [ app_begin ] --END-- [ RunTime:0.000340s ]
INFO: [ action_begin ] --START--
INFO: [ action_begin ] --END-- [ RunTime:0.000098s ]
INFO: [ view_begin ] --START--
INFO: [ view_begin ] --END-- [ RunTime:0.000083s ]
INFO: [ view_parse ] --START--
INFO: [ template_filter ] --START--
INFO: Run Behavior\ContentReplace [ RunTime:0.000283s ]
INFO: [ template_filter ] --END-- [ RunTime:0.000490s ]
NOTIC: [8] Undefined variable: list D:\wamp\wamp\www\LongCms\LongCms-V1.0\Application\Runtime\Cache\Admin\71667e699eae66b4954cb62aa6e05a39.php 第 165 行.
NOTIC: [2] Invalid argument supplied for foreach() D:\wamp\wamp\www\LongCms\LongCms-V1.0\Application\Runtime\Cache\Admin\71667e699eae66b4954cb62aa6e05a39.php 第 165 行.
INFO: Run Behavior\ParseTemplate [ RunTime:0.026222s ]
INFO: [ view_parse ] --END-- [ RunTime:0.026442s ]
INFO: [ view_filter ] --START--
INFO: Run Behavior\WriteHtmlCache [ RunTime:0.000054s ]
INFO: [ view_filter ] --END-- [ RunTime:0.000233s ]
INFO: [ view_end ] --START--
INFO: [ view_end ] --END-- [ RunTime:0.000081s ]
INFO: [ app_end ] --START--
INFO: Run Behavior\ShowPageTrace [ RunTime:0.000123s ]
INFO: [ app_end ] --END-- [ RunTime:0.000300s ]

[ 2014-01-04T10:56:14+08:00 ] 127.0.0.1 /index.php/Public/js/jquery.ui.custom.js
INFO: [ app_init ] --START--
INFO: [ app_init ] --END-- [ RunTime:0.004247s ]
INFO: [ path_info ] --START--
INFO: [ path_info ] --END-- [ RunTime:0.000093s ]
INFO: [ app_begin ] --START--
INFO: Run Behavior\ReadHtmlCache [ RunTime:0.000157s ]
INFO: [ app_begin ] --END-- [ RunTime:0.000352s ]
INFO: [ action_begin ] --START--
INFO: [ action_begin ] --END-- [ RunTime:0.000113s ]
ERR: 非法操作:js

[ 2014-01-04T10:56:14+08:00 ] 127.0.0.1 /index.php/Public/js/jquery.min.js
INFO: [ app_init ] --START--
INFO: [ app_init ] --END-- [ RunTime:0.002202s ]
INFO: [ path_info ] --START--
INFO: [ path_info ] --END-- [ RunTime:0.000111s ]
INFO: [ app_begin ] --START--
INFO: Run Behavior\ReadHtmlCache [ RunTime:0.000152s ]
INFO: [ app_begin ] --END-- [ RunTime:0.000340s ]
INFO: [ action_begin ] --START--
INFO: [ action_begin ] --END-- [ RunTime:0.000114s ]
ERR: 非法操作:js

[ 2014-01-04T10:56:14+08:00 ] 127.0.0.1 /index.php/Public/js/select2.min.js
INFO: [ app_init ] --START--
INFO: [ app_init ] --END-- [ RunTime:0.002476s ]
INFO: [ path_info ] --START--
INFO: [ path_info ] --END-- [ RunTime:0.000098s ]
INFO: [ app_begin ] --START--
INFO: Run Behavior\ReadHtmlCache [ RunTime:0.000174s ]
INFO: [ app_begin ] --END-- [ RunTime:0.000363s ]
INFO: [ action_begin ] --START--
INFO: [ action_begin ] --END-- [ RunTime:0.000102s ]
ERR: 非法操作:js

[ 2014-01-04T10:56:14+08:00 ] 127.0.0.1 /index.php/Public/js/jquery.uniform.js
INFO: [ app_init ] --START--
INFO: [ app_init ] --END-- [ RunTime:0.002051s ]
INFO: [ path_info ] --START--
INFO: [ path_info ] --END-- [ RunTime:0.000108s ]
INFO: [ app_begin ] --START--
INFO: Run Behavior\ReadHtmlCache [ RunTime:0.000158s ]
INFO: [ app_begin ] --END-- [ RunTime:0.000414s ]
INFO: [ action_begin ] --START--
INFO: [ action_begin ] --END-- [ RunTime:0.000252s ]
ERR: 非法操作:js

[ 2014-01-04T10:56:14+08:00 ] 127.0.0.1 /index.php/Public/js/jquery.dataTables.min.js
INFO: [ app_init ] --START--
INFO: [ app_init ] --END-- [ RunTime:0.004894s ]
INFO: [ path_info ] --START--
INFO: [ path_info ] --END-- [ RunTime:0.000114s ]
INFO: [ app_begin ] --START--
INFO: Run Behavior\ReadHtmlCache [ RunTime:0.000150s ]
INFO: [ app_begin ] --END-- [ RunTime:0.000335s ]
INFO: [ action_begin ] --START--
INFO: [ action_begin ] --END-- [ RunTime:0.000142s ]
ERR: 非法操作:js

[ 2014-01-04T10:56:14+08:00 ] 127.0.0.1 /index.php/Public/js/matrix.js
INFO: [ app_init ] --START--
INFO: [ app_init ] --END-- [ RunTime:0.000942s ]
INFO: [ path_info ] --START--
INFO: [ path_info ] --END-- [ RunTime:0.000119s ]
INFO: [ app_begin ] --START--
INFO: Run Behavior\ReadHtmlCache [ RunTime:0.000187s ]
INFO: [ app_begin ] --END-- [ RunTime:0.000472s ]
INFO: [ action_begin ] --START--
INFO: [ action_begin ] --END-- [ RunTime:0.000742s ]
ERR: 非法操作:js

[ 2014-01-04T10:56:14+08:00 ] 127.0.0.1 /index.php/Public/js/bootstrap.min.js
INFO: [ app_init ] --START--
INFO: [ app_init ] --END-- [ RunTime:0.002606s ]
INFO: [ path_info ] --START--
INFO: [ path_info ] --END-- [ RunTime:0.000088s ]
INFO: [ app_begin ] --START--
INFO: Run Behavior\ReadHtmlCache [ RunTime:0.000145s ]
INFO: [ app_begin ] --END-- [ RunTime:0.000334s ]
INFO: [ action_begin ] --START--
INFO: [ action_begin ] --END-- [ RunTime:0.000121s ]
ERR: 非法操作:js

[ 2014-01-04T10:56:14+08:00 ] 127.0.0.1 /index.php/Public/js/matrix.tables.js
INFO: [ app_init ] --START--
INFO: [ app_init ] --END-- [ RunTime:0.000835s ]
INFO: [ path_info ] --START--
INFO: [ path_info ] --END-- [ RunTime:0.000100s ]
INFO: [ app_begin ] --START--
INFO: Run Behavior\ReadHtmlCache [ RunTime:0.000156s ]
INFO: [ app_begin ] --END-- [ RunTime:0.000347s ]
INFO: [ action_begin ] --START--
INFO: [ action_begin ] --END-- [ RunTime:0.001901s ]
ERR: 非法操作:js

[ 2014-01-04T10:56:23+08:00 ] 127.0.0.1 /index.php/Public/js/matrix.tables.js
INFO: [ app_init ] --START--
INFO: [ app_init ] --END-- [ RunTime:0.002388s ]
INFO: [ path_info ] --START--
INFO: [ path_info ] --END-- [ RunTime:0.000095s ]
INFO: [ app_begin ] --START--
INFO: Run Behavior\ReadHtmlCache [ RunTime:0.000168s ]
INFO: [ app_begin ] --END-- [ RunTime:0.000379s ]
INFO: [ action_begin ] --START--
INFO: [ action_begin ] --END-- [ RunTime:0.000124s ]
ERR: 非法操作:js

[ 2014-01-04T10:57:45+08:00 ] 127.0.0.1 /index.php/Admin/Manager
INFO: [ app_init ] --START--
INFO: [ app_init ] --END-- [ RunTime:0.000583s ]
INFO: [ path_info ] --START--
INFO: [ path_info ] --END-- [ RunTime:0.000084s ]
INFO: [ app_begin ] --START--
INFO: Run Behavior\ReadHtmlCache [ RunTime:0.000165s ]
INFO: [ app_begin ] --END-- [ RunTime:0.000521s ]
INFO: [ action_begin ] --START--
INFO: [ action_begin ] --END-- [ RunTime:0.000097s ]
INFO: [ view_begin ] --START--
INFO: [ view_begin ] --END-- [ RunTime:0.000080s ]
INFO: [ view_parse ] --START--
INFO: [ template_filter ] --START--
INFO: Run Behavior\ContentReplace [ RunTime:0.000276s ]
INFO: [ template_filter ] --END-- [ RunTime:0.000481s ]
NOTIC: [8] Undefined variable: list D:\wamp\wamp\www\LongCms\LongCms-V1.0\Application\Runtime\Cache\Admin\71667e699eae66b4954cb62aa6e05a39.php 第 165 行.
NOTIC: [2] Invalid argument supplied for foreach() D:\wamp\wamp\www\LongCms\LongCms-V1.0\Application\Runtime\Cache\Admin\71667e699eae66b4954cb62aa6e05a39.php 第 165 行.
INFO: Run Behavior\ParseTemplate [ RunTime:0.026406s ]
INFO: [ view_parse ] --END-- [ RunTime:0.026624s ]
INFO: [ view_filter ] --START--
INFO: Run Behavior\WriteHtmlCache [ RunTime:0.000051s ]
INFO: [ view_filter ] --END-- [ RunTime:0.000226s ]
INFO: [ view_end ] --START--
INFO: [ view_end ] --END-- [ RunTime:0.000078s ]
INFO: [ app_end ] --START--
INFO: Run Behavior\ShowPageTrace [ RunTime:0.000120s ]
INFO: [ app_end ] --END-- [ RunTime:0.000276s ]

[ 2014-01-04T10:57:47+08:00 ] 127.0.0.1 /index.php/Admin/Manager
INFO: [ app_init ] --START--
INFO: [ app_init ] --END-- [ RunTime:0.001064s ]
INFO: [ path_info ] --START--
INFO: [ path_info ] --END-- [ RunTime:0.000140s ]
INFO: [ app_begin ] --START--
INFO: Run Behavior\ReadHtmlCache [ RunTime:0.000274s ]
INFO: [ app_begin ] --END-- [ RunTime:0.000509s ]
INFO: [ action_begin ] --START--
INFO: [ action_begin ] --END-- [ RunTime:0.000194s ]
INFO: [ view_begin ] --START--
INFO: [ view_begin ] --END-- [ RunTime:0.000081s ]
INFO: [ view_parse ] --START--
INFO: [ template_filter ] --START--
INFO: Run Behavior\ContentReplace [ RunTime:0.000282s ]
INFO: [ template_filter ] --END-- [ RunTime:0.000492s ]
NOTIC: [8] Undefined variable: list D:\wamp\wamp\www\LongCms\LongCms-V1.0\Application\Runtime\Cache\Admin\71667e699eae66b4954cb62aa6e05a39.php 第 165 行.
NOTIC: [2] Invalid argument supplied for foreach() D:\wamp\wamp\www\LongCms\LongCms-V1.0\Application\Runtime\Cache\Admin\71667e699eae66b4954cb62aa6e05a39.php 第 165 行.
INFO: Run Behavior\ParseTemplate [ RunTime:0.031253s ]
INFO: [ view_parse ] --END-- [ RunTime:0.031463s ]
INFO: [ view_filter ] --START--
INFO: Run Behavior\WriteHtmlCache [ RunTime:0.000050s ]
INFO: [ view_filter ] --END-- [ RunTime:0.000225s ]
INFO: [ view_end ] --START--
INFO: [ view_end ] --END-- [ RunTime:0.000080s ]
INFO: [ app_end ] --START--
INFO: Run Behavior\ShowPageTrace [ RunTime:0.006922s ]
INFO: [ app_end ] --END-- [ RunTime:0.007124s ]

[ 2014-01-04T11:06:02+08:00 ] 127.0.0.1 /index.php/Admin/Manager
INFO: [ app_init ] --START--
INFO: [ app_init ] --END-- [ RunTime:0.000722s ]
INFO: [ path_info ] --START--
INFO: [ path_info ] --END-- [ RunTime:0.000096s ]
INFO: [ app_begin ] --START--
INFO: Run Behavior\ReadHtmlCache [ RunTime:0.000157s ]
INFO: [ app_begin ] --END-- [ RunTime:0.000340s ]
INFO: [ action_begin ] --START--
INFO: [ action_begin ] --END-- [ RunTime:0.000220s ]
INFO: [ view_begin ] --START--
INFO: [ view_begin ] --END-- [ RunTime:0.000086s ]
INFO: [ view_parse ] --START--
INFO: [ template_filter ] --START--
INFO: Run Behavior\ContentReplace [ RunTime:0.000534s ]
INFO: [ template_filter ] --END-- [ RunTime:0.000805s ]
NOTIC: [8] Undefined variable: list D:\wamp\wamp\www\LongCms\LongCms-V1.0\Application\Runtime\Cache\Admin\71667e699eae66b4954cb62aa6e05a39.php 第 165 行.
NOTIC: [2] Invalid argument supplied for foreach() D:\wamp\wamp\www\LongCms\LongCms-V1.0\Application\Runtime\Cache\Admin\71667e699eae66b4954cb62aa6e05a39.php 第 165 行.
INFO: Run Behavior\ParseTemplate [ RunTime:0.027926s ]
INFO: [ view_parse ] --END-- [ RunTime:0.028155s ]
INFO: [ view_filter ] --START--
INFO: Run Behavior\WriteHtmlCache [ RunTime:0.000046s ]
INFO: [ view_filter ] --END-- [ RunTime:0.000214s ]
INFO: [ view_end ] --START--
INFO: [ view_end ] --END-- [ RunTime:0.000077s ]
INFO: [ app_end ] --START--
INFO: Run Behavior\ShowPageTrace [ RunTime:0.000121s ]
INFO: [ app_end ] --END-- [ RunTime:0.000278s ]

[ 2014-01-04T11:06:05+08:00 ] 127.0.0.1 /index.php/Admin/Manager
INFO: [ app_init ] --START--
INFO: [ app_init ] --END-- [ RunTime:0.004789s ]
INFO: [ path_info ] --START--
INFO: [ path_info ] --END-- [ RunTime:0.000102s ]
INFO: [ app_begin ] --START--
INFO: Run Behavior\ReadHtmlCache [ RunTime:0.000151s ]
INFO: [ app_begin ] --END-- [ RunTime:0.000362s ]
INFO: [ action_begin ] --START--
INFO: [ action_begin ] --END-- [ RunTime:0.000098s ]
INFO: [ view_begin ] --START--
INFO: [ view_begin ] --END-- [ RunTime:0.000100s ]
INFO: [ view_parse ] --START--
INFO: [ template_filter ] --START--
INFO: Run Behavior\ContentReplace [ RunTime:0.000304s ]
INFO: [ template_filter ] --END-- [ RunTime:0.000545s ]
NOTIC: [8] Undefined variable: list D:\wamp\wamp\www\LongCms\LongCms-V1.0\Application\Runtime\Cache\Admin\71667e699eae66b4954cb62aa6e05a39.php 第 165 行.
NOTIC: [2] Invalid argument supplied for foreach() D:\wamp\wamp\www\LongCms\LongCms-V1.0\Application\Runtime\Cache\Admin\71667e699eae66b4954cb62aa6e05a39.php 第 165 行.
INFO: Run Behavior\ParseTemplate [ RunTime:0.046789s ]
INFO: [ view_parse ] --END-- [ RunTime:0.046987s ]
INFO: [ view_filter ] --START--
INFO: Run Behavior\WriteHtmlCache [ RunTime:0.000049s ]
INFO: [ view_filter ] --END-- [ RunTime:0.000207s ]
INFO: [ view_end ] --START--
INFO: [ view_end ] --END-- [ RunTime:0.000200s ]
INFO: [ app_end ] --START--
INFO: Run Behavior\ShowPageTrace [ RunTime:0.000189s ]
INFO: [ app_end ] --END-- [ RunTime:0.000401s ]

[ 2014-01-04T11:06:08+08:00 ] 127.0.0.1 /index.php/Admin/Manager
INFO: [ app_init ] --START--
INFO: [ app_init ] --END-- [ RunTime:0.000635s ]
INFO: [ path_info ] --START--
INFO: [ path_info ] --END-- [ RunTime:0.000104s ]
INFO: [ app_begin ] --START--
INFO: Run Behavior\ReadHtmlCache [ RunTime:0.000172s ]
INFO: [ app_begin ] --END-- [ RunTime:0.000378s ]
INFO: [ action_begin ] --START--
INFO: [ action_begin ] --END-- [ RunTime:0.000097s ]
INFO: [ view_begin ] --START--
INFO: [ view_begin ] --END-- [ RunTime:0.000082s ]
INFO: [ view_parse ] --START--
INFO: [ template_filter ] --START--
INFO: Run Behavior\ContentReplace [ RunTime:0.000332s ]
INFO: [ template_filter ] --END-- [ RunTime:0.000754s ]
NOTIC: [8] Undefined variable: list D:\wamp\wamp\www\LongCms\LongCms-V1.0\Application\Runtime\Cache\Admin\71667e699eae66b4954cb62aa6e05a39.php 第 165 行.
NOTIC: [2] Invalid argument supplied for foreach() D:\wamp\wamp\www\LongCms\LongCms-V1.0\Application\Runtime\Cache\Admin\71667e699eae66b4954cb62aa6e05a39.php 第 165 行.
INFO: Run Behavior\ParseTemplate [ RunTime:0.029729s ]
INFO: [ view_parse ] --END-- [ RunTime:0.029963s ]
INFO: [ view_filter ] --START--
INFO: Run Behavior\WriteHtmlCache [ RunTime:0.000067s ]
INFO: [ view_filter ] --END-- [ RunTime:0.000303s ]
INFO: [ view_end ] --START--
INFO: [ view_end ] --END-- [ RunTime:0.000082s ]
INFO: [ app_end ] --START--
INFO: Run Behavior\ShowPageTrace [ RunTime:0.000148s ]
INFO: [ app_end ] --END-- [ RunTime:0.000317s ]

[ 2014-01-04T11:06:09+08:00 ] 127.0.0.1 /index.php/Admin/Manager
INFO: [ app_init ] --START--
INFO: [ app_init ] --END-- [ RunTime:0.000863s ]
INFO: [ path_info ] --START--
INFO: [ path_info ] --END-- [ RunTime:0.000102s ]
INFO: [ app_begin ] --START--
INFO: Run Behavior\ReadHtmlCache [ RunTime:0.000165s ]
INFO: [ app_begin ] --END-- [ RunTime:0.000343s ]
INFO: [ action_begin ] --START--
INFO: [ action_begin ] --END-- [ RunTime:0.000187s ]
INFO: [ view_begin ] --START--
INFO: [ view_begin ] --END-- [ RunTime:0.000092s ]
INFO: [ view_parse ] --START--
INFO: [ template_filter ] --START--
INFO: Run Behavior\ContentReplace [ RunTime:0.000275s ]
INFO: [ template_filter ] --END-- [ RunTime:0.000479s ]
NOTIC: [8] Undefined variable: list D:\wamp\wamp\www\LongCms\LongCms-V1.0\Application\Runtime\Cache\Admin\71667e699eae66b4954cb62aa6e05a39.php 第 165 行.
NOTIC: [2] Invalid argument supplied for foreach() D:\wamp\wamp\www\LongCms\LongCms-V1.0\Application\Runtime\Cache\Admin\71667e699eae66b4954cb62aa6e05a39.php 第 165 行.
INFO: Run Behavior\ParseTemplate [ RunTime:0.026776s ]
INFO: [ view_parse ] --END-- [ RunTime:0.027039s ]
INFO: [ view_filter ] --START--
INFO: Run Behavior\WriteHtmlCache [ RunTime:0.000077s ]
INFO: [ view_filter ] --END-- [ RunTime:0.000256s ]
INFO: [ view_end ] --START--
INFO: [ view_end ] --END-- [ RunTime:0.000080s ]
INFO: [ app_end ] --START--
INFO: Run Behavior\ShowPageTrace [ RunTime:0.000121s ]
INFO: [ app_end ] --END-- [ RunTime:0.000278s ]

[ 2014-01-04T11:06:19+08:00 ] 127.0.0.1 /index.php/Admin/Manager
INFO: [ app_init ] --START--
INFO: [ app_init ] --END-- [ RunTime:0.000713s ]
INFO: [ path_info ] --START--
INFO: [ path_info ] --END-- [ RunTime:0.000093s ]
INFO: [ app_begin ] --START--
INFO: Run Behavior\ReadHtmlCache [ RunTime:0.000193s ]
INFO: [ app_begin ] --END-- [ RunTime:0.000392s ]
INFO: [ action_begin ] --START--
INFO: [ action_begin ] --END-- [ RunTime:0.000097s ]
INFO: [ view_begin ] --START--
INFO: [ view_begin ] --END-- [ RunTime:0.000078s ]
INFO: [ view_parse ] --START--
INFO: [ template_filter ] --START--
INFO: Run Behavior\ContentReplace [ RunTime:0.000583s ]
INFO: [ template_filter ] --END-- [ RunTime:0.000802s ]
NOTIC: [8] Undefined variable: list D:\wamp\wamp\www\LongCms\LongCms-V1.0\Application\Runtime\Cache\Admin\71667e699eae66b4954cb62aa6e05a39.php 第 165 行.
NOTIC: [2] Invalid argument supplied for foreach() D:\wamp\wamp\www\LongCms\LongCms-V1.0\Application\Runtime\Cache\Admin\71667e699eae66b4954cb62aa6e05a39.php 第 165 行.
INFO: Run Behavior\ParseTemplate [ RunTime:0.026095s ]
INFO: [ view_parse ] --END-- [ RunTime:0.026312s ]
INFO: [ view_filter ] --START--
INFO: Run Behavior\WriteHtmlCache [ RunTime:0.000048s ]
INFO: [ view_filter ] --END-- [ RunTime:0.000220s ]
INFO: [ view_end ] --START--
INFO: [ view_end ] --END-- [ RunTime:0.000079s ]
INFO: [ app_end ] --START--
INFO: Run Behavior\ShowPageTrace [ RunTime:0.000123s ]
INFO: [ app_end ] --END-- [ RunTime:0.000280s ]

[ 2014-01-04T11:06:34+08:00 ] 127.0.0.1 /index.php/Admin/Manager
INFO: [ app_init ] --START--
INFO: [ app_init ] --END-- [ RunTime:0.000860s ]
INFO: [ path_info ] --START--
INFO: [ path_info ] --END-- [ RunTime:0.000165s ]
INFO: [ app_begin ] --START--
INFO: Run Behavior\ReadHtmlCache [ RunTime:0.000184s ]
INFO: [ app_begin ] --END-- [ RunTime:0.001178s ]
INFO: [ action_begin ] --START--
INFO: [ action_begin ] --END-- [ RunTime:0.000144s ]
INFO: [ view_begin ] --START--
INFO: [ view_begin ] --END-- [ RunTime:0.000093s ]
INFO: [ view_parse ] --START--
INFO: [ template_filter ] --START--
INFO: Run Behavior\ContentReplace [ RunTime:0.000185s ]
INFO: [ template_filter ] --END-- [ RunTime:0.000395s ]
NOTIC: [8] Undefined variable: list D:\wamp\wamp\www\LongCms\LongCms-V1.0\Application\Runtime\Cache\Admin\71667e699eae66b4954cb62aa6e05a39.php 第 165 行.
NOTIC: [2] Invalid argument supplied for foreach() D:\wamp\wamp\www\LongCms\LongCms-V1.0\Application\Runtime\Cache\Admin\71667e699eae66b4954cb62aa6e05a39.php 第 165 行.
INFO: Run Behavior\ParseTemplate [ RunTime:0.030544s ]
INFO: [ view_parse ] --END-- [ RunTime:0.030793s ]
INFO: [ view_filter ] --START--
INFO: Run Behavior\WriteHtmlCache [ RunTime:0.000050s ]
INFO: [ view_filter ] --END-- [ RunTime:0.000316s ]
INFO: [ view_end ] --START--
INFO: [ view_end ] --END-- [ RunTime:0.000082s ]
INFO: [ app_end ] --START--
INFO: Run Behavior\ShowPageTrace [ RunTime:0.000125s ]
INFO: [ app_end ] --END-- [ RunTime:0.000284s ]

[ 2014-01-04T11:11:32+08:00 ] 127.0.0.1 /index.php/Admin/Manager
INFO: [ app_init ] --START--
INFO: [ app_init ] --END-- [ RunTime:0.000888s ]
INFO: [ path_info ] --START--
INFO: [ path_info ] --END-- [ RunTime:0.000091s ]
INFO: [ app_begin ] --START--
INFO: Run Behavior\ReadHtmlCache [ RunTime:0.000446s ]
INFO: [ app_begin ] --END-- [ RunTime:0.000650s ]
INFO: [ action_begin ] --START--
INFO: [ action_begin ] --END-- [ RunTime:0.000101s ]
INFO: [ view_begin ] --START--
INFO: [ view_begin ] --END-- [ RunTime:0.000082s ]
INFO: [ view_parse ] --START--
INFO: [ template_filter ] --START--
INFO: Run Behavior\ContentReplace [ RunTime:0.000207s ]
INFO: [ template_filter ] --END-- [ RunTime:0.000434s ]
NOTIC: [8] Undefined variable: list D:\wamp\wamp\www\LongCms\LongCms-V1.0\Application\Runtime\Cache\Admin\71667e699eae66b4954cb62aa6e05a39.php 第 165 行.
NOTIC: [2] Invalid argument supplied for foreach() D:\wamp\wamp\www\LongCms\LongCms-V1.0\Application\Runtime\Cache\Admin\71667e699eae66b4954cb62aa6e05a39.php 第 165 行.
INFO: Run Behavior\ParseTemplate [ RunTime:0.023985s ]
INFO: [ view_parse ] --END-- [ RunTime:0.024218s ]
INFO: [ view_filter ] --START--
INFO: Run Behavior\WriteHtmlCache [ RunTime:0.000263s ]
INFO: [ view_filter ] --END-- [ RunTime:0.000451s ]
INFO: [ view_end ] --START--
INFO: [ view_end ] --END-- [ RunTime:0.000085s ]
INFO: [ app_end ] --START--
INFO: Run Behavior\ShowPageTrace [ RunTime:0.000127s ]
INFO: [ app_end ] --END-- [ RunTime:0.000293s ]

[ 2014-01-04T11:12:32+08:00 ] 127.0.0.1 /index.php/Admin/Manager
INFO: [ app_init ] --START--
INFO: [ app_init ] --END-- [ RunTime:0.000918s ]
INFO: [ path_info ] --START--
INFO: [ path_info ] --END-- [ RunTime:0.000081s ]
INFO: [ app_begin ] --START--
INFO: Run Behavior\ReadHtmlCache [ RunTime:0.000140s ]
INFO: [ app_begin ] --END-- [ RunTime:0.000304s ]
INFO: [ action_begin ] --START--
INFO: [ action_begin ] --END-- [ RunTime:0.000087s ]
INFO: [ view_begin ] --START--
INFO: [ view_begin ] --END-- [ RunTime:0.000074s ]
INFO: [ view_parse ] --START--
INFO: [ template_filter ] --START--
INFO: Run Behavior\ContentReplace [ RunTime:0.000183s ]
INFO: [ template_filter ] --END-- [ RunTime:0.000379s ]
NOTIC: [8] Undefined variable: list D:\wamp\wamp\www\LongCms\LongCms-V1.0\Application\Runtime\Cache\Admin\71667e699eae66b4954cb62aa6e05a39.php 第 165 行.
NOTIC: [2] Invalid argument supplied for foreach() D:\wamp\wamp\www\LongCms\LongCms-V1.0\Application\Runtime\Cache\Admin\71667e699eae66b4954cb62aa6e05a39.php 第 165 行.
INFO: Run Behavior\ParseTemplate [ RunTime:0.018422s ]
INFO: [ view_parse ] --END-- [ RunTime:0.018617s ]
INFO: [ view_filter ] --START--
INFO: Run Behavior\WriteHtmlCache [ RunTime:0.000043s ]
INFO: [ view_filter ] --END-- [ RunTime:0.000201s ]
INFO: [ view_end ] --START--
INFO: [ view_end ] --END-- [ RunTime:0.000072s ]
INFO: [ app_end ] --START--
INFO: Run Behavior\ShowPageTrace [ RunTime:0.000125s ]
INFO: [ app_end ] --END-- [ RunTime:0.000280s ]

[ 2014-01-04T11:12:49+08:00 ] 127.0.0.1 /index.php/Admin/Manager
INFO: [ app_init ] --START--
INFO: [ app_init ] --END-- [ RunTime:0.000751s ]
INFO: [ path_info ] --START--
INFO: [ path_info ] --END-- [ RunTime:0.000093s ]
INFO: [ app_begin ] --START--
INFO: Run Behavior\ReadHtmlCache [ RunTime:0.000144s ]
INFO: [ app_begin ] --END-- [ RunTime:0.000322s ]
INFO: [ action_begin ] --START--
INFO: [ action_begin ] --END-- [ RunTime:0.000121s ]
INFO: [ view_begin ] --START--
INFO: [ view_begin ] --END-- [ RunTime:0.000079s ]
INFO: [ view_parse ] --START--
INFO: [ template_filter ] --START--
INFO: Run Behavior\ContentReplace [ RunTime:0.000181s ]
INFO: [ template_filter ] --END-- [ RunTime:0.000379s ]
NOTIC: [8] Undefined variable: list D:\wamp\wamp\www\LongCms\LongCms-V1.0\Application\Runtime\Cache\Admin\71667e699eae66b4954cb62aa6e05a39.php 第 165 行.
NOTIC: [2] Invalid argument supplied for foreach() D:\wamp\wamp\www\LongCms\LongCms-V1.0\Application\Runtime\Cache\Admin\71667e699eae66b4954cb62aa6e05a39.php 第 165 行.
INFO: Run Behavior\ParseTemplate [ RunTime:0.019021s ]
INFO: [ view_parse ] --END-- [ RunTime:0.019222s ]
INFO: [ view_filter ] --START--
INFO: Run Behavior\WriteHtmlCache [ RunTime:0.000043s ]
INFO: [ view_filter ] --END-- [ RunTime:0.000199s ]
INFO: [ view_end ] --START--
INFO: [ view_end ] --END-- [ RunTime:0.000073s ]
INFO: [ app_end ] --START--
INFO: Run Behavior\ShowPageTrace [ RunTime:0.000126s ]
INFO: [ app_end ] --END-- [ RunTime:0.000283s ]

[ 2014-01-04T11:13:33+08:00 ] 127.0.0.1 /index.php/Admin/Manager
INFO: [ app_init ] --START--
INFO: [ app_init ] --END-- [ RunTime:0.000915s ]
INFO: [ path_info ] --START--
INFO: [ path_info ] --END-- [ RunTime:0.000089s ]
INFO: [ app_begin ] --START--
INFO: Run Behavior\ReadHtmlCache [ RunTime:0.000166s ]
INFO: [ app_begin ] --END-- [ RunTime:0.000350s ]
INFO: [ action_begin ] --START--
INFO: [ action_begin ] --END-- [ RunTime:0.000114s ]
INFO: [ view_begin ] --START--
INFO: [ view_begin ] --END-- [ RunTime:0.000082s ]
INFO: [ view_parse ] --START--
INFO: [ template_filter ] --START--
INFO: Run Behavior\ContentReplace [ RunTime:0.000191s ]
INFO: [ template_filter ] --END-- [ RunTime:0.000404s ]
NOTIC: [8] Undefined variable: list D:\wamp\wamp\www\LongCms\LongCms-V1.0\Application\Runtime\Cache\Admin\71667e699eae66b4954cb62aa6e05a39.php 第 165 行.
NOTIC: [2] Invalid argument supplied for foreach() D:\wamp\wamp\www\LongCms\LongCms-V1.0\Application\Runtime\Cache\Admin\71667e699eae66b4954cb62aa6e05a39.php 第 165 行.
INFO: Run Behavior\ParseTemplate [ RunTime:0.023324s ]
INFO: [ view_parse ] --END-- [ RunTime:0.023550s ]
INFO: [ view_filter ] --START--
INFO: Run Behavior\WriteHtmlCache [ RunTime:0.000049s ]
INFO: [ view_filter ] --END-- [ RunTime:0.000223s ]
INFO: [ view_end ] --START--
INFO: [ view_end ] --END-- [ RunTime:0.000081s ]
INFO: [ app_end ] --START--
INFO: Run Behavior\ShowPageTrace [ RunTime:0.000125s ]
INFO: [ app_end ] --END-- [ RunTime:0.000282s ]

[ 2014-01-04T11:14:20+08:00 ] 127.0.0.1 /index.php/Admin/Manager
INFO: [ app_init ] --START--
INFO: [ app_init ] --END-- [ RunTime:0.000808s ]
INFO: [ path_info ] --START--
INFO: [ path_info ] --END-- [ RunTime:0.000130s ]
INFO: [ app_begin ] --START--
INFO: Run Behavior\ReadHtmlCache [ RunTime:0.000167s ]
INFO: [ app_begin ] --END-- [ RunTime:0.000370s ]
INFO: [ action_begin ] --START--
INFO: [ action_begin ] --END-- [ RunTime:0.000125s ]
INFO: [ view_begin ] --START--
INFO: [ view_begin ] --END-- [ RunTime:0.000092s ]
INFO: [ view_parse ] --START--
INFO: [ template_filter ] --START--
INFO: Run Behavior\ContentReplace [ RunTime:0.000187s ]
INFO: [ template_filter ] --END-- [ RunTime:0.000400s ]
NOTIC: [8] Undefined variable: list D:\wamp\wamp\www\LongCms\LongCms-V1.0\Application\Runtime\Cache\Admin\71667e699eae66b4954cb62aa6e05a39.php 第 165 行.
NOTIC: [2] Invalid argument supplied for foreach() D:\wamp\wamp\www\LongCms\LongCms-V1.0\Application\Runtime\Cache\Admin\71667e699eae66b4954cb62aa6e05a39.php 第 165 行.
INFO: Run Behavior\ParseTemplate [ RunTime:0.022931s ]
INFO: [ view_parse ] --END-- [ RunTime:0.023214s ]
INFO: [ view_filter ] --START--
INFO: Run Behavior\WriteHtmlCache [ RunTime:0.000048s ]
INFO: [ view_filter ] --END-- [ RunTime:0.000219s ]
INFO: [ view_end ] --START--
INFO: [ view_end ] --END-- [ RunTime:0.000081s ]
INFO: [ app_end ] --START--
INFO: Run Behavior\ShowPageTrace [ RunTime:0.000142s ]
INFO: [ app_end ] --END-- [ RunTime:0.000304s ]

[ 2014-01-04T11:15:02+08:00 ] 127.0.0.1 /index.php/Admin/Manager
INFO: [ app_init ] --START--
INFO: [ app_init ] --END-- [ RunTime:0.000789s ]
INFO: [ path_info ] --START--
INFO: [ path_info ] --END-- [ RunTime:0.000097s ]
INFO: [ app_begin ] --START--
INFO: Run Behavior\ReadHtmlCache [ RunTime:0.000164s ]
INFO: [ app_begin ] --END-- [ RunTime:0.000352s ]
INFO: [ action_begin ] --START--
INFO: [ action_begin ] --END-- [ RunTime:0.000117s ]
INFO: [ view_begin ] --START--
INFO: [ view_begin ] --END-- [ RunTime:0.000082s ]
INFO: [ view_parse ] --START--
INFO: [ template_filter ] --START--
INFO: Run Behavior\ContentReplace [ RunTime:0.000190s ]
INFO: [ template_filter ] --END-- [ RunTime:0.000409s ]
NOTIC: [8] Undefined variable: list D:\wamp\wamp\www\LongCms\LongCms-V1.0\Application\Runtime\Cache\Admin\71667e699eae66b4954cb62aa6e05a39.php 第 165 行.
NOTIC: [2] Invalid argument supplied for foreach() D:\wamp\wamp\www\LongCms\LongCms-V1.0\Application\Runtime\Cache\Admin\71667e699eae66b4954cb62aa6e05a39.php 第 165 行.
INFO: Run Behavior\ParseTemplate [ RunTime:0.021840s ]
INFO: [ view_parse ] --END-- [ RunTime:0.022096s ]
INFO: [ view_filter ] --START--
INFO: Run Behavior\WriteHtmlCache [ RunTime:0.000054s ]
INFO: [ view_filter ] --END-- [ RunTime:0.000231s ]
INFO: [ view_end ] --START--
INFO: [ view_end ] --END-- [ RunTime:0.000081s ]
INFO: [ app_end ] --START--
INFO: Run Behavior\ShowPageTrace [ RunTime:0.000130s ]
INFO: [ app_end ] --END-- [ RunTime:0.000295s ]

[ 2014-01-04T11:19:15+08:00 ] 127.0.0.1 /index.php/Admin/Manager
INFO: [ app_init ] --START--
INFO: [ app_init ] --END-- [ RunTime:0.000690s ]
INFO: [ path_info ] --START--
INFO: [ path_info ] --END-- [ RunTime:0.000097s ]
INFO: [ app_begin ] --START--
INFO: Run Behavior\ReadHtmlCache [ RunTime:0.000168s ]
INFO: [ app_begin ] --END-- [ RunTime:0.000356s ]
INFO: [ action_begin ] --START--
INFO: [ action_begin ] --END-- [ RunTime:0.000094s ]
INFO: [ view_begin ] --START--
INFO: [ view_begin ] --END-- [ RunTime:0.000084s ]
INFO: [ view_parse ] --START--
INFO: [ template_filter ] --START--
INFO: Run Behavior\ContentReplace [ RunTime:0.000187s ]
INFO: [ template_filter ] --END-- [ RunTime:0.000400s ]
NOTIC: [8] Undefined variable: list D:\wamp\wamp\www\LongCms\LongCms-V1.0\Application\Runtime\Cache\Admin\71667e699eae66b4954cb62aa6e05a39.php 第 165 行.
NOTIC: [2] Invalid argument supplied for foreach() D:\wamp\wamp\www\LongCms\LongCms-V1.0\Application\Runtime\Cache\Admin\71667e699eae66b4954cb62aa6e05a39.php 第 165 行.
INFO: Run Behavior\ParseTemplate [ RunTime:0.020338s ]
INFO: [ view_parse ] --END-- [ RunTime:0.020565s ]
INFO: [ view_filter ] --START--
INFO: Run Behavior\WriteHtmlCache [ RunTime:0.000051s ]
INFO: [ view_filter ] --END-- [ RunTime:0.000231s ]
INFO: [ view_end ] --START--
INFO: [ view_end ] --END-- [ RunTime:0.000082s ]
INFO: [ app_end ] --START--
INFO: Run Behavior\ShowPageTrace [ RunTime:0.000125s ]
INFO: [ app_end ] --END-- [ RunTime:0.000283s ]

[ 2014-01-04T17:20:32+08:00 ] 127.0.0.1 /
INFO: [ app_init ] --START--
INFO: [ app_init ] --END-- [ RunTime:0.011283s ]
INFO: [ app_begin ] --START--
INFO: Run Behavior\ReadHtmlCache [ RunTime:0.000145s ]
INFO: [ app_begin ] --END-- [ RunTime:0.000369s ]
INFO: [ action_begin ] --START--
INFO: [ action_begin ] --END-- [ RunTime:0.000135s ]
INFO: [ view_begin ] --START--
INFO: [ view_begin ] --END-- [ RunTime:0.000123s ]
INFO: [ view_parse ] --START--
INFO: [ template_filter ] --START--
INFO: Run Behavior\ContentReplace [ RunTime:0.000559s ]
INFO: [ template_filter ] --END-- [ RunTime:0.001060s ]
INFO: Run Behavior\ParseTemplate [ RunTime:0.415638s ]
INFO: [ view_parse ] --END-- [ RunTime:0.415972s ]
INFO: [ view_filter ] --START--
INFO: Run Behavior\WriteHtmlCache [ RunTime:0.000058s ]
INFO: [ view_filter ] --END-- [ RunTime:0.000266s ]
INFO: [ view_end ] --START--
INFO: [ view_end ] --END-- [ RunTime:0.000109s ]
INFO: [ app_end ] --START--
INFO: Run Behavior\ShowPageTrace [ RunTime:0.000191s ]
INFO: [ app_end ] --END-- [ RunTime:0.000392s ]

[ 2014-01-04T17:23:11+08:00 ] 127.0.0.1 /index.php/Admin/Manager
INFO: [ app_init ] --START--
INFO: [ app_init ] --END-- [ RunTime:0.001042s ]
INFO: [ path_info ] --START--
INFO: [ path_info ] --END-- [ RunTime:0.000082s ]
INFO: [ app_begin ] --START--
INFO: Run Behavior\ReadHtmlCache [ RunTime:0.000377s ]
INFO: [ app_begin ] --END-- [ RunTime:0.000577s ]
INFO: [ action_begin ] --START--
INFO: [ action_begin ] --END-- [ RunTime:0.000108s ]
INFO: [ view_begin ] --START--
INFO: [ view_begin ] --END-- [ RunTime:0.000081s ]
INFO: [ view_parse ] --START--
INFO: [ template_filter ] --START--
INFO: Run Behavior\ContentReplace [ RunTime:0.000181s ]
INFO: [ template_filter ] --END-- [ RunTime:0.000379s ]
NOTIC: [8] Undefined variable: list D:\wamp\wamp\www\LongCms\LongCms-V1.0\Application\Runtime\Cache\Admin\71667e699eae66b4954cb62aa6e05a39.php 第 165 行.
NOTIC: [2] Invalid argument supplied for foreach() D:\wamp\wamp\www\LongCms\LongCms-V1.0\Application\Runtime\Cache\Admin\71667e699eae66b4954cb62aa6e05a39.php 第 165 行.
INFO: Run Behavior\ParseTemplate [ RunTime:0.129124s ]
INFO: [ view_parse ] --END-- [ RunTime:0.129323s ]
INFO: [ view_filter ] --START--
INFO: Run Behavior\WriteHtmlCache [ RunTime:0.000044s ]
INFO: [ view_filter ] --END-- [ RunTime:0.000203s ]
INFO: [ view_end ] --START--
INFO: [ view_end ] --END-- [ RunTime:0.000072s ]
INFO: [ app_end ] --START--
INFO: Run Behavior\ShowPageTrace [ RunTime:0.000118s ]
INFO: [ app_end ] --END-- [ RunTime:0.000271s ]

